-41.4202
-100
-100
-100
-100
-100
-100
-100
-100
-100
-100
-100
-100
-100
-100
-100
-100
-100
-100
-100
-100
-100
-100
-100
-100
-100
-100
-100
-100
-100
-100
-100
-100
-100
-100
-100
-100
-59.1695
-32.9407
-27.8383
-27.2327
-28.1143
-27.3363
-28.4122
-34.1397
-100
-36.1667
-28.1494
-26.7659
-24.0658
-20.502
-18.278
-17.8225
-19.5072
-21.9638
-24.1259
-27.4453
-32.4347
-44.8021
-54.0378
-100
-59.4127
-59.4127
-54.766
-45.6576
-42.1735
-37.1325
-29.4816
-25.5755
-24.4118
-24.1452
-24.6199
-27.5308
-32.2572
-33.7458
-36.6606
-43.4622
-100
-100
-100
-100
-38.5438
-35.3784
-36.0723
-36.9218
-36.7465
-36.1133
-34.3083
-33.3318
-34.2995
-38.5466
-60.0619
-65.3006
-45.8874
-30.2748
-25.6824
-23.8553
-24.9351
-29.3353
-32.0381
-31.357
-31.2145
-31.2293
-31.3674
-31.9111
-32.4229
-32.6882
-31.2985
-27.4702
-24.9558
-23.9304
-23.6064
-23.6963
-24.8347
-29.0177
-43.4535
-59.2061
-53.6367
-43.5368
-35.7765
-33.3314
-33.1364
-33.9971
-37.4569
-45.8773
-36.1546
-33.6698
-35.6074
-39.2282
-42.209
-43.532
-32.5799
-28.0545
-26.3168
-26.8603
-29.9352
-32.1978
-31.6987
-32.0338
-33.9689
-39.4196
-44.4043
-33.6384
-30.2229
-31.3969
-36.9525
-44.1373
-48.727
-100
-100
-100
-100
-41.4071
-37.6724
-34.3625
-31.153
-30.0657
-28.6179
-26.1824
-25.0322
-25.5692
-26.5306
-27.3524
-27.9173
-27.9968
-28.7326
-29.5617
-30.5367
-31.6514
-32.7052
-34.3356
-35.3423
-35.0821
-34.9658
-35.0147
-35.389
-35.9078
-36.8028
-38.9044
-41.9888
-46.9785
-47.6893
-43.0046
-42.1643
-42.8558
-42.1188
-43.133
-47.6759
-52.3927
-100
-100
-100
-100
-100
-100
-100
-100
-100
