-41.4202	0.992346	0.610214	
-100	0	1.70398e-32	
-100	0	1.70398e-32	
-100	0	1.70398e-32	
-100	0	1.70398e-32	
-100	0	1.70398e-32	
-100	0	1.70398e-32	
-100	0	1.70398e-32	
-100	0	1.70398e-32	
-100	0	1.70398e-32	
-100	0	1.70398e-32	
-100	0	1.70398e-32	
-100	0	1.70398e-32	
-100	0	1.70398e-32	
-100	0	1.70398e-32	
-100	0	1.70398e-32	
-100	0	1.70398e-32	
-100	0	1.70398e-32	
-100	0	1.70398e-32	
-100	0	1.70398e-32	
-100	0	1.70398e-32	
-100	0	1.70398e-32	
-100	0	1.70398e-32	
-100	0	1.70398e-32	
-100	0	1.70398e-32	
-100	0	1.70398e-32	
-100	0	1.70398e-32	
-100	0	1.70398e-32	
-100	0	1.70398e-32	
-100	0	1.70398e-32	
-100	0	1.70398e-32	
-100	0	1.70398e-32	
-100	0	1.70398e-32	
-100	0	1.70398e-32	
-100	0	1.70398e-32	
-100	0	1.70398e-32	
-100	0	1.70398e-32	
-59.1695	0.145065	0.282369	
-32.9407	0.904395	0.372388	
-27.8383	0.92246	0.35778	
-27.2327	0.916867	0.49507	
-28.1143	0.905479	0.681057	
-27.3363	0.928893	0.789863	
-28.4122	0.944408	0.795508	
-34.1397	0.939266	0.455196	
-100	0	1.70398e-32	
-36.1667	0.494462	0.345479	
-28.1494	-0.228653	0.194654	
-26.7659	0.00748568	0.228242	
-24.0658	0.883312	0.758993	
-20.502	0.963328	0.858525	
-18.278	0.965573	0.880907	
-17.8225	0.963136	0.883433	
-19.5072	0.954585	0.857884	
-21.9638	0.953324	0.864953	
-24.1259	0.941711	0.837305	
-27.4453	0.928033	0.741293	
-32.4347	0.903878	0.63561	
-44.8021	0.937891	0.313187	
-54.0378	0.867074	4.31762e-37	
-100	0	1.70398e-32	
-59.4127	0.745802	1.48845e-36	
-59.4127	0.745802	1.48845e-36	
-54.766	0.923566	0.232205	
-45.6576	0.959085	0.553232	
-42.1735	0.960973	0.50302	
-37.1325	0.967573	0.701819	
-29.4816	0.965651	0.772112	
-25.5755	0.97306	0.874532	
-24.4118	0.96923	0.839353	
-24.1452	0.96188	0.859551	
-24.6199	0.965617	0.86128	
-27.5308	0.958778	0.814275	
-32.2572	0.980095	0.723215	
-33.7458	0.98746	0.841715	
-36.6606	0.982409	0.758527	
-43.4622	0.970981	0.42898	
-100	0	1.70398e-32	
-100	0	1.70398e-32	
-100	0	1.70398e-32	
-100	0	1.70398e-32	
-38.5438	0.299355	0.126964	
-35.3784	0.0778305	0.152091	
-36.0723	-0.289803	0.115578	
-36.9218	-0.49858	0.122426	
-36.7465	-0.554469	0.0959183	
-36.1133	-0.678012	0.140665	
-34.3083	-0.739267	0.204881	
-33.3318	-0.720177	0.14877	
-34.2995	-0.633099	0.207121	
-38.5466	-0.537468	0.171657	
-60.0619	0.154957	0.142915	
-65.3006	0.481881	5.7746e-36	
-45.8874	0.766885	0.107691	
-30.2748	0.969098	0.595306	
-25.6824	0.971761	0.714571	
-23.8553	0.965861	0.871422	
-24.9351	0.965823	0.842697	
-29.3353	0.971232	0.709866	
-32.0381	0.991512	0.826221	
-31.357	0.993381	0.859194	
-31.2145	0.993829	0.856821	
-31.2293	0.992653	0.85837	
-31.3674	0.992337	0.863047	
-31.9111	0.992263	0.859394	
-32.4229	0.991651	0.861149	
-32.6882	0.989309	0.842895	
-31.2985	0.985559	0.778591	
-27.4702	0.979953	0.845231	
-24.9558	0.981089	0.868999	
-23.9304	0.97754	0.869749	
-23.6064	0.978665	0.864732	
-23.6963	0.98188	0.865376	
-24.8347	0.980138	0.876472	
-29.0177	0.978446	0.764042	
-43.4535	0.885232	0.407017	
-59.2061	-0.177673	0.206227	
-53.6367	-0.210385	0.177855	
-43.5368	0.823356	0.260278	
-35.7765	0.967645	0.68798	
-33.3314	0.986619	0.785484	
-33.1364	0.992035	0.86911	
-33.9971	0.992616	0.870759	
-37.4569	0.983035	0.812464	
-45.8773	0.95641	0.401469	
-36.1546	0.632861	0.383191	
-33.6698	0.551652	0.21387	
-35.6074	0.511773	0.266344	
-39.2282	0.658487	0.187721	
-42.209	0.67884	0.144146	
-43.532	0.769658	0.10553	
-32.5799	0.971379	0.660305	
-28.0545	0.947316	0.725484	
-26.3168	0.932341	0.766533	
-26.8603	0.93868	0.845572	
-29.9352	0.957262	0.770136	
-32.1978	0.991902	0.843445	
-31.6987	0.993318	0.859111	
-32.0338	0.993362	0.862162	
-33.9689	0.991609	0.862472	
-39.4196	0.973626	0.631374	
-44.4043	0.599441	0.189755	
-33.6384	0.0455884	0.202864	
-30.2229	-0.0603964	0.129782	
-31.3969	0.0119682	0.166796	
-36.9525	0.342041	0.357013	
-44.1373	0.237148	0.16942	
-48.727	0.583773	0.290896	
-100	0	1.70398e-32	
-100	0	1.70398e-32	
-100	0	1.70398e-32	
-100	0	1.70398e-32	
-41.4071	0.82338	0.272651	
-37.6724	0.839115	0.292846	
-34.3625	0.894922	0.461583	
-31.153	0.931923	0.643733	
-30.0657	0.941438	0.805838	
-28.6179	0.937029	0.77222	
-26.1824	0.937463	0.79016	
-25.0322	0.936371	0.826862	
-25.5692	0.942559	0.81917	
-26.5306	0.948598	0.817706	
-27.3524	0.949807	0.823222	
-27.9173	0.958577	0.806399	
-27.9968	0.961061	0.829408	
-28.7326	0.966021	0.832382	
-29.5617	0.973589	0.823318	
-30.5367	0.976081	0.829936	
-31.6514	0.982201	0.831164	
-32.7052	0.984245	0.828724	
-34.3356	0.989023	0.835151	
-35.3423	0.98965	0.766338	
-35.0821	0.990757	0.849242	
-34.9658	0.991798	0.835123	
-35.0147	0.992011	0.843233	
-35.389	0.990926	0.842249	
-35.9078	0.989504	0.823802	
-36.8028	0.989436	0.821915	
-38.9044	0.981775	0.83416	
-41.9888	0.953952	0.709855	
-46.9785	0.903905	0.40547	
-47.6893	-0.671674	0.347574	
-43.0046	-0.704771	0.135924	
-42.1643	-0.696084	0.161113	
-42.8558	-0.637578	0.164281	
-42.1188	-0.644797	0.19198	
-43.133	-0.6288	0.130855	
-47.6759	-0.466337	0.104874	
-52.3927	-0.414893	0.168987	
-100	0	1.70398e-32	
-100	0	1.70398e-32	
-100	0	1.70398e-32	
-100	0	1.70398e-32	
-100	0	1.70398e-32	
-100	0	1.70398e-32	
-100	0	1.70398e-32	
-100	0	1.70398e-32	
-100	0	1.70398e-32	
