0.992346
0
0
0
0
0
0
0
0
0
0
0
0
0
0
0
0
0
0
0
0
0
0
0
0
0
0
0
0
0
0
0
0
0
0
0
0
0.145065
0.904395
0.92246
0.916867
0.905479
0.928893
0.944408
0.939266
0
0.494462
-0.228653
0.00748568
0.883312
0.963328
0.965573
0.963136
0.954585
0.953324
0.941711
0.928033
0.903878
0.937891
0.867074
0
0.745802
0.745802
0.923566
0.959085
0.960973
0.967573
0.965651
0.97306
0.96923
0.96188
0.965617
0.958778
0.980095
0.98746
0.982409
0.970981
0
0
0
0
0.299355
0.0778305
-0.289803
-0.49858
-0.554469
-0.678012
-0.739267
-0.720177
-0.633099
-0.537468
0.154957
0.481881
0.766885
0.969098
0.971761
0.965861
0.965823
0.971232
0.991512
0.993381
0.993829
0.992653
0.992337
0.992263
0.991651
0.989309
0.985559
0.979953
0.981089
0.97754
0.978665
0.98188
0.980138
0.978446
0.885232
-0.177673
-0.210385
0.823356
0.967645
0.986619
0.992035
0.992616
0.983035
0.95641
0.632861
0.551652
0.511773
0.658487
0.67884
0.769658
0.971379
0.947316
0.932341
0.93868
0.957262
0.991902
0.993318
0.993362
0.991609
0.973626
0.599441
0.0455884
-0.0603964
0.0119682
0.342041
0.237148
0.583773
0
0
0
0
0.82338
0.839115
0.894922
0.931923
0.941438
0.937029
0.937463
0.936371
0.942559
0.948598
0.949807
0.958577
0.961061
0.966021
0.973589
0.976081
0.982201
0.984245
0.989023
0.98965
0.990757
0.991798
0.992011
0.990926
0.989504
0.989436
0.981775
0.953952
0.903905
-0.671674
-0.704771
-0.696084
-0.637578
-0.644797
-0.6288
-0.466337
-0.414893
0
0
0
0
0
0
0
0
0
