0.610214
1.70398e-32
1.70398e-32
1.70398e-32
1.70398e-32
1.70398e-32
1.70398e-32
1.70398e-32
1.70398e-32
1.70398e-32
1.70398e-32
1.70398e-32
1.70398e-32
1.70398e-32
1.70398e-32
1.70398e-32
1.70398e-32
1.70398e-32
1.70398e-32
1.70398e-32
1.70398e-32
1.70398e-32
1.70398e-32
1.70398e-32
1.70398e-32
1.70398e-32
1.70398e-32
1.70398e-32
1.70398e-32
1.70398e-32
1.70398e-32
1.70398e-32
1.70398e-32
1.70398e-32
1.70398e-32
1.70398e-32
1.70398e-32
0.282369
0.372388
0.35778
0.49507
0.681057
0.789863
0.795508
0.455196
1.70398e-32
0.345479
0.194654
0.228242
0.758993
0.858525
0.880907
0.883433
0.857884
0.864953
0.837305
0.741293
0.63561
0.313187
4.31762e-37
1.70398e-32
1.48845e-36
1.48845e-36
0.232205
0.553232
0.50302
0.701819
0.772112
0.874532
0.839353
0.859551
0.86128
0.814275
0.723215
0.841715
0.758527
0.42898
1.70398e-32
1.70398e-32
1.70398e-32
1.70398e-32
0.126964
0.152091
0.115578
0.122426
0.0959183
0.140665
0.204881
0.14877
0.207121
0.171657
0.142915
5.7746e-36
0.107691
0.595306
0.714571
0.871422
0.842697
0.709866
0.826221
0.859194
0.856821
0.85837
0.863047
0.859394
0.861149
0.842895
0.778591
0.845231
0.868999
0.869749
0.864732
0.865376
0.876472
0.764042
0.407017
0.206227
0.177855
0.260278
0.68798
0.785484
0.86911
0.870759
0.812464
0.401469
0.383191
0.21387
0.266344
0.187721
0.144146
0.10553
0.660305
0.725484
0.766533
0.845572
0.770136
0.843445
0.859111
0.862162
0.862472
0.631374
0.189755
0.202864
0.129782
0.166796
0.357013
0.16942
0.290896
1.70398e-32
1.70398e-32
1.70398e-32
1.70398e-32
0.272651
0.292846
0.461583
0.643733
0.805838
0.77222
0.79016
0.826862
0.81917
0.817706
0.823222
0.806399
0.829408
0.832382
0.823318
0.829936
0.831164
0.828724
0.835151
0.766338
0.849242
0.835123
0.843233
0.842249
0.823802
0.821915
0.83416
0.709855
0.40547
0.347574
0.135924
0.161113
0.164281
0.19198
0.130855
0.104874
0.168987
1.70398e-32
1.70398e-32
1.70398e-32
1.70398e-32
1.70398e-32
1.70398e-32
1.70398e-32
1.70398e-32
1.70398e-32
